SUMMARIZER version tbd
file /home/bjowac/deltacheck/branches/summary/regression/svcomp14/bitvector/modulus_true.c: Parsing
Converting
Type-checking modulus_true
Generating GOTO Program
Adding CPROVER library
Partial Inlining
Generic Property Instrumentation
Function Pointer Removal
Using equalities domain 
Computing SSA of main
Simplifying
Computing SSA of c::__CPROVER_initialize
Simplifying
Computing SSA of c::__VERIFIER_assert
Simplifying
Computing SSA of c::main
Simplifying

Summarizing function main
Recursively summarizing function c::main
Recursively summarizing function c::__VERIFIER_assert

Summary for function c::__VERIFIER_assert
params: cond 
returns: 
globals_in: 
globals_out: 
precondition: TRUE
transformer: TRUE ==> TRUE

Adding loop invariant: TRUE
Replacing function c::__VERIFIER_assert

Summary for function c::main
params: 
returns: 
globals_in: 
globals_out: main#return_value#37 
precondition: TRUE
transformer: TRUE ==> n#lb31 == m#lb31 && n#lb31 == n#lb33 && n#lb31 == m#lb33 && (signed __CPROVER_bitvector[33])n#lb31 == (signed __CPROVER_bitvector[33])main#return_value#37 && m#lb31 == n#lb33 && m#lb31 == m#lb33 && (signed __CPROVER_bitvector[33])m#lb31 == (signed __CPROVER_bitvector[33])main#return_value#37 && n#lb33 == m#lb33 && (signed __CPROVER_bitvector[33])n#lb33 == (signed __CPROVER_bitvector[33])main#return_value#37 && (signed __CPROVER_bitvector[33])m#lb33 == (signed __CPROVER_bitvector[33])main#return_value#37

Adding loop invariant: n#lb31 == m#lb31 && n#lb31 == n#lb33 && n#lb31 == m#lb33 && (signed __CPROVER_bitvector[33])n#lb31 == (signed __CPROVER_bitvector[33])main#return_value#37 && m#lb31 == n#lb33 && m#lb31 == m#lb33 && (signed __CPROVER_bitvector[33])m#lb31 == (signed __CPROVER_bitvector[33])main#return_value#37 && n#lb33 == m#lb33 && (signed __CPROVER_bitvector[33])n#lb33 == (signed __CPROVER_bitvector[33])main#return_value#37 && (signed __CPROVER_bitvector[33])m#lb33 == (signed __CPROVER_bitvector[33])main#return_value#37
Replacing function c::main
Recursively summarizing function c::__CPROVER_initialize

Summary for function c::__CPROVER_initialize
params: 
returns: 
globals_in: __CPROVER_threads_exited __CPROVER_malloc_is_new_array __CPROVER_dead_object __CPROVER_deallocated __CPROVER_malloc_object __CPROVER_memory_leak __CPROVER_rounding_mode __CPROVER_pipe_count __CPROVER_malloc_size __CPROVER_next_thread_id 
globals_out: __CPROVER_threads_exited#5 __CPROVER_malloc_is_new_array#12 __CPROVER_dead_object#9 __CPROVER_deallocated#8 __CPROVER_malloc_object#10 __CPROVER_memory_leak#3 __CPROVER_rounding_mode#7 __CPROVER_pipe_count#4 __CPROVER_malloc_size#11 __CPROVER_next_thread_id#6 
precondition: TRUE
transformer: TRUE ==> __CPROVER_rounding_mode#7 <= 0 && -((signed int)__CPROVER_rounding_mode#7) <= 0 && __CPROVER_pipe_count#4 <= 0u && -((signed __CPROVER_bitvector[33])__CPROVER_pipe_count#4) <= 0 && __CPROVER_malloc_size#11 <= 0ul && -((signed __CPROVER_bitvector[65])__CPROVER_malloc_size#11) <= 0 && __CPROVER_next_thread_id#6 <= 0ul && -((signed __CPROVER_bitvector[65])__CPROVER_next_thread_id#6) <= 0

Adding loop invariant: TRUE
Replacing function c::__CPROVER_initialize

Summary for function main
params: 
returns: 
globals_in: 
globals_out: 
precondition: TRUE
transformer: TRUE ==> TRUE

Adding loop invariant: TRUE

Summarizing function c::__CPROVER_initialize
Summary for function c::__CPROVER_initialize exists already

Summarizing function c::__VERIFIER_assert
Summary for function c::__VERIFIER_assert exists already

Summarizing function c::main
Summary for function c::main exists already
Checking properties of main
Checking properties of c::__CPROVER_initialize
Checking properties of c::__VERIFIER_assert
negated property TRUE
Post-processing
Solving with MiniSAT 2.2.0 with simplifier
34 variables, 33 clauses
SAT checker: negated claim is SATISFIABLE, i.e., does not hold
Checking properties of c::main
[__VERIFIER_assert.1.0] error label: FAILURE

** 1 of 1 failed
VERIFICATION FAILED
