SUMMARIZER version tbd
file /home/bjowac/deltacheck/branches/summary/regression/svcomp14/ldv-regression/alias_of_return_2.c_true.cil.c: Parsing
Converting
Type-checking alias_of_return_2.c_true.cil
Generating GOTO Program
Adding CPROVER library
Partial Inlining
Generic Property Instrumentation
Function Pointer Removal
Using equalities domain 
Computing SSA of main
Simplifying
Computing SSA of c::__CPROVER_initialize
Simplifying
Computing SSA of c::err
Simplifying
Computing SSA of c::return_self
Simplifying
Computing SSA of c::main
Simplifying

Summarizing function main
Recursively summarizing function c::__CPROVER_initialize

Summary for function c::__CPROVER_initialize
params: 
returns: 
globals_in: __CPROVER_threads_exited __CPROVER_malloc_is_new_array __CPROVER_dead_object __CPROVER_deallocated __CPROVER_malloc_object __CPROVER_memory_leak __CPROVER_rounding_mode __CPROVER_pipe_count __CPROVER_malloc_size __CPROVER_next_thread_id 
globals_out: __CPROVER_threads_exited#4 __CPROVER_malloc_is_new_array#11 __CPROVER_dead_object#8 __CPROVER_deallocated#7 __CPROVER_malloc_object#9 __CPROVER_memory_leak#12 __CPROVER_rounding_mode#6 __CPROVER_pipe_count#3 __CPROVER_malloc_size#10 __CPROVER_next_thread_id#5 
precondition: TRUE
transformer: TRUE ==> __CPROVER_rounding_mode#6 <= 0 && -((signed int)__CPROVER_rounding_mode#6) <= 0 && __CPROVER_pipe_count#3 <= 0u && -((signed __CPROVER_bitvector[33])__CPROVER_pipe_count#3) <= 0 && __CPROVER_malloc_size#10 <= 0ul && -((signed __CPROVER_bitvector[65])__CPROVER_malloc_size#10) <= 0 && __CPROVER_next_thread_id#5 <= 0ul && -((signed __CPROVER_bitvector[65])__CPROVER_next_thread_id#5) <= 0

Adding loop invariant: TRUE
Replacing function c::__CPROVER_initialize
Recursively summarizing function c::main
Recursively summarizing function c::err

Summary for function c::err
params: 
returns: 
globals_in: 
globals_out: 
precondition: TRUE
transformer: TRUE ==> TRUE

Adding loop invariant: TRUE
Replacing function c::err
Recursively summarizing function c::return_self

Summary for function c::return_self
params: p 
returns: 
globals_in: 
globals_out: return_self#return_value#phi28 
precondition: TRUE
transformer: TRUE ==> p == return_self#return_value#phi28

Adding loop invariant: p == return_self#return_value#phi28
Replacing function c::return_self

Summary for function c::main
params: 
returns: 
globals_in: 
globals_out: return_self#return_value#phi37 main#return_value#37 
precondition: TRUE
transformer: TRUE ==> return_self#return_value#phi37 != ((signed int *)NULL)

Adding loop invariant: return_self#return_value#phi37 != ((signed int *)NULL)
Replacing function c::main

Summary for function main
params: 
returns: 
globals_in: 
globals_out: 
precondition: TRUE
transformer: TRUE ==> TRUE

Adding loop invariant: TRUE

Summarizing function c::__CPROVER_initialize
Summary for function c::__CPROVER_initialize exists already

Summarizing function c::err
Summary for function c::err exists already

Summarizing function c::return_self
Summary for function c::return_self exists already

Summarizing function c::main
Summary for function c::main exists already
Checking properties of main
Checking properties of c::__CPROVER_initialize
Checking properties of c::err
negated property TRUE
Post-processing
Solving with MiniSAT 2.2.0 with simplifier
1 variables, 0 clauses
SAT checker: negated claim is SATISFIABLE, i.e., does not hold
Checking properties of c::return_self
Checking properties of c::main
[err.1.0] error label: FAILURE

** 1 of 1 failed
VERIFICATION FAILED
