SUMMARIZER version tbd
file /home/bjowac/deltacheck/branches/summary/regression/svcomp14/ldv-regression/test02_false.c: Parsing
Converting
Type-checking test02_false
Generating GOTO Program
Adding CPROVER library
Partial Inlining
Generic Property Instrumentation
Function Pointer Removal
Using zones domain with binary search solver
Computing SSA of main
Simplifying
Computing SSA of c::__CPROVER_initialize
Simplifying
Computing SSA of c::main
Simplifying

Summarizing function main
Recursively summarizing function c::main
substituting default value for ("symbol" "type" ("signedbv" "width" ("32") "#c_type" ("signed_int")) "identifier" ("c::q") "#location" ("" "file" ("/home/bjowac/deltacheck/branches/summary/regression/svcomp14/ldv-regression/test02_false.c") "line" ("11") "function" ("main")))

Summary for function c::main
params: 
returns: 
globals_in: q 
globals_out: main#return_value#phi35 q#21 
precondition: TRUE
transformer: TRUE ==> (signed int)q - (signed int)main#return_value#phi35 <= 2147483646 && (signed int)main#return_value#phi35 - (signed int)q <= 2147483649 && (signed int)q - (signed int)q#21 <= 2147483647 && (signed int)q#21 - (signed int)q <= 2147483648 && main#return_value#phi35 <= 1 && -((signed int)main#return_value#phi35) <= -1 && (signed int)main#return_value#phi35 - (signed int)q#21 <= 1 && (signed int)q#21 - (signed int)main#return_value#phi35 <= -1 && q#21 <= 0 && -((signed int)q#21) <= 0

Adding loop invariant: TRUE
Replacing function c::main
Recursively summarizing function c::__CPROVER_initialize

Summary for function c::__CPROVER_initialize
params: 
returns: 
globals_in: __CPROVER_threads_exited __CPROVER_malloc_is_new_array __CPROVER_dead_object __CPROVER_deallocated __CPROVER_malloc_object __CPROVER_memory_leak __CPROVER_rounding_mode q __CPROVER_pipe_count __CPROVER_malloc_size __CPROVER_next_thread_id 
globals_out: __CPROVER_threads_exited#4 __CPROVER_malloc_is_new_array#12 __CPROVER_dead_object#8 __CPROVER_deallocated#7 __CPROVER_malloc_object#9 __CPROVER_memory_leak#13 __CPROVER_rounding_mode#6 q#10 __CPROVER_pipe_count#3 __CPROVER_malloc_size#11 __CPROVER_next_thread_id#5 
precondition: TRUE
transformer: TRUE ==> __CPROVER_rounding_mode#6 <= 0 && -((signed int)__CPROVER_rounding_mode#6) <= 0 && q#10 <= 0 && -((signed int)q#10) <= 0 && __CPROVER_pipe_count#3 <= 0u && -((signed __CPROVER_bitvector[33])__CPROVER_pipe_count#3) <= 0 && __CPROVER_malloc_size#11 <= 0ul && -((signed __CPROVER_bitvector[65])__CPROVER_malloc_size#11) <= 0 && __CPROVER_next_thread_id#5 <= 0ul && -((signed __CPROVER_bitvector[65])__CPROVER_next_thread_id#5) <= 0

Adding loop invariant: TRUE
Replacing function c::__CPROVER_initialize

Summary for function main
params: 
returns: 
globals_in: 
globals_out: 
precondition: TRUE
transformer: TRUE ==> TRUE

Adding loop invariant: TRUE

Summarizing function c::__CPROVER_initialize
Summary for function c::__CPROVER_initialize exists already

Summarizing function c::main
Summary for function c::main exists already
Checking properties of main
Checking properties of c::__CPROVER_initialize
Checking properties of c::main
negated property TRUE
Post-processing
Solving with MiniSAT 2.2.0 with simplifier
1 variables, 0 clauses
SAT checker: negated claim is SATISFIABLE, i.e., does not hold
[main.1.0] error label: FAILURE

** 1 of 1 failed
VERIFICATION FAILED
