SUMMARIZER version tbd
file /home/bjowac/deltacheck/branches/summary/regression/svcomp14/ldv-regression/test22_true.c: Parsing
Converting
Type-checking test22_true
Generating GOTO Program
Adding CPROVER library
Partial Inlining
Generic Property Instrumentation
Function Pointer Removal
Using zones domain with binary search solver
Computing SSA of main
Simplifying
Computing SSA of c::__CPROVER_initialize
Simplifying
Computing SSA of c::get_dummy
Simplifying
Computing SSA of c::check
Simplifying
Computing SSA of c::main
Simplifying

Summarizing function main
Recursively summarizing function c::__CPROVER_initialize

Summary for function c::__CPROVER_initialize
params: 
returns: 
globals_in: __CPROVER_threads_exited __CPROVER_malloc_is_new_array __CPROVER_dead_object __CPROVER_deallocated __CPROVER_malloc_object __CPROVER_memory_leak __CPROVER_rounding_mode __CPROVER_pipe_count __CPROVER_malloc_size __CPROVER_next_thread_id 
globals_out: __CPROVER_threads_exited#4 __CPROVER_malloc_is_new_array#11 __CPROVER_dead_object#8 __CPROVER_deallocated#7 __CPROVER_malloc_object#9 __CPROVER_memory_leak#12 __CPROVER_rounding_mode#6 __CPROVER_pipe_count#3 __CPROVER_malloc_size#10 __CPROVER_next_thread_id#5 
precondition: TRUE
transformer: TRUE ==> __CPROVER_rounding_mode#6 <= 0 && -((signed int)__CPROVER_rounding_mode#6) <= 0 && __CPROVER_pipe_count#3 <= 0u && -((signed __CPROVER_bitvector[33])__CPROVER_pipe_count#3) <= 0 && __CPROVER_malloc_size#10 <= 0ul && -((signed __CPROVER_bitvector[65])__CPROVER_malloc_size#10) <= 0 && __CPROVER_next_thread_id#5 <= 0ul && -((signed __CPROVER_bitvector[65])__CPROVER_next_thread_id#5) <= 0

Adding loop invariant: TRUE
Replacing function c::__CPROVER_initialize
Recursively summarizing function c::main
Recursively summarizing function c::get_dummy

Summary for function c::get_dummy
params: 
returns: 
globals_in: 
globals_out: get_dummy#return_value#16 
precondition: TRUE
transformer: TRUE ==> TRUE

Adding loop invariant: TRUE
Replacing function c::get_dummy
Recursively summarizing function c::check

Summary for function c::check
params: s1 i 
returns: 
globals_in: 
globals_out: check#return_value#20 
precondition: TRUE
transformer: TRUE ==> (signed int)i - (signed int)check#return_value#20 <= 2147483647 && (signed int)check#return_value#20 - (signed int)i <= 2147483649 && check#return_value#20 <= 1 && -((signed int)check#return_value#20) <= 0

Adding loop invariant: TRUE
Replacing function c::check
Using existing summary for function c::get_dummy
Replacing function c::get_dummy

Summary for function c::main
params: 
returns: 
globals_in: 
globals_out: get_dummy#return_value#phi56 check#return_value#phi56 main#return_value#phi56 
precondition: TRUE
transformer: TRUE ==> check#return_value#phi56 <= 2147483647 && -((signed int)check#return_value#phi56) <= 2147483648 && (signed int)check#return_value#phi56 - (signed int)main#return_value#phi56 <= 2147483647 && (signed int)main#return_value#phi56 - (signed int)check#return_value#phi56 <= 2147483648 && main#return_value#phi56 <= 1 && -((signed int)main#return_value#phi56) <= 0

Adding loop invariant: i#lb38 <= 2147483647 && -((signed int)i#lb38) <= 2147483647
Replacing function c::main

Summary for function main
params: 
returns: 
globals_in: 
globals_out: 
precondition: TRUE
transformer: TRUE ==> TRUE

Adding loop invariant: TRUE

Summarizing function c::__CPROVER_initialize
Summary for function c::__CPROVER_initialize exists already

Summarizing function c::get_dummy
Summary for function c::get_dummy exists already

Summarizing function c::check
Summary for function c::check exists already

Summarizing function c::main
Summary for function c::main exists already
Checking properties of main
Checking properties of c::__CPROVER_initialize
Checking properties of c::get_dummy
Checking properties of c::check
Checking properties of c::main
negated property TRUE
Post-processing
Solving with MiniSAT 2.2.0 with simplifier
2204 variables, 7095 clauses
SAT checker: negated claim is SATISFIABLE, i.e., does not hold
[main.1.0] error label: FAILURE

** 1 of 1 failed
VERIFICATION FAILED
